c:\users\chunhui\desktop\all fanshawe\ultragrapsocket (2)\ultragrapsocket\ultragrapsocket\debug\vc141.pdb
c:\users\chunhui\desktop\all fanshawe\ultragrapsocket (2)\ultragrapsocket\ultragrapsocket\debug\vc141.idb
c:\users\chunhui\desktop\all fanshawe\ultragrapsocket (2)\ultragrapsocket\ultragrapsocket\debug\win32threadmanager.obj
c:\users\chunhui\desktop\all fanshawe\ultragrapsocket (2)\ultragrapsocket\ultragrapsocket\debug\socketwraper.obj
c:\users\chunhui\desktop\all fanshawe\ultragrapsocket (2)\ultragrapsocket\ultragrapsocket\debug\socketmain.obj
c:\users\chunhui\desktop\all fanshawe\ultragrapsocket (2)\ultragrapsocket\ultragrapsocket\debug\grepcommandverbose.obj
c:\users\chunhui\desktop\all fanshawe\ultragrapsocket (2)\ultragrapsocket\ultragrapsocket\debug\filemanager.obj
c:\users\chunhui\desktop\all fanshawe\ultragrapsocket (2)\ultragrapsocket\ultragrapsocket\debug\command.obj
c:\users\chunhui\desktop\all fanshawe\ultragrapsocket (2)\ultragrapsocket\ultragrapsocket\debug\c11theadmangaer.obj
c:\users\chunhui\desktop\ultragrapsocket (2)\ultragrapsocket\debug\ultragrapsocket.ilk
c:\users\chunhui\desktop\ultragrapsocket (2)\ultragrapsocket\debug\ultragrapsocket.exe
c:\users\chunhui\desktop\ultragrapsocket (2)\ultragrapsocket\debug\ultragrapsocket.pdb
c:\users\chunhui\desktop\all fanshawe\ultragrapsocket (2)\ultragrapsocket\debug\ultragrapsocket.ilk
c:\users\chunhui\desktop\all fanshawe\ultragrapsocket (2)\ultragrapsocket\debug\ultragrapsocket.exe
c:\users\chunhui\desktop\all fanshawe\ultragrapsocket (2)\ultragrapsocket\debug\ultragrapsocket.pdb
c:\users\chunhui\desktop\all fanshawe\ultragrapsocket (2)\ultragrapsocket\ultragrapsocket\debug\ultragrapsocket.tlog\cl.command.1.tlog
c:\users\chunhui\desktop\all fanshawe\ultragrapsocket (2)\ultragrapsocket\ultragrapsocket\debug\ultragrapsocket.tlog\cl.read.1.tlog
c:\users\chunhui\desktop\all fanshawe\ultragrapsocket (2)\ultragrapsocket\ultragrapsocket\debug\ultragrapsocket.tlog\cl.write.1.tlog
c:\users\chunhui\desktop\all fanshawe\ultragrapsocket (2)\ultragrapsocket\ultragrapsocket\debug\ultragrapsocket.tlog\link.command.1.tlog
c:\users\chunhui\desktop\all fanshawe\ultragrapsocket (2)\ultragrapsocket\ultragrapsocket\debug\ultragrapsocket.tlog\link.read.1.tlog
c:\users\chunhui\desktop\all fanshawe\ultragrapsocket (2)\ultragrapsocket\ultragrapsocket\debug\ultragrapsocket.tlog\link.write.1.tlog
